2025-12-22 22:37:25 - src.notifications_router - WARNING - validate:32 - Teams enabled but TEAMS_WEBHOOK_URL not set
2025-12-22 22:40:02 - src.notifications_router - WARNING - validate:32 - Teams enabled but TEAMS_WEBHOOK_URL not set
2025-12-22 22:42:27 - src.notifications_router - WARNING - validate:32 - Teams enabled but TEAMS_WEBHOOK_URL not set
2025-12-22 22:46:24 - src.notifications_router - WARNING - validate:32 - Teams enabled but TEAMS_WEBHOOK_URL not set
2025-12-22 22:48:09 - src.notifications_router - WARNING - validate:32 - Teams enabled but TEAMS_WEBHOOK_URL not set
2025-12-22 22:52:15 - src.notifications_router - INFO - notify_eod_success:69 - Attempting Teams success notification
2025-12-22 22:52:15 - src.notifications_router - INFO - notify_eod_success:85 - Teams success notification sent successfully
2025-12-22 23:09:52 - src.notifications_router - INFO - notify_eod_success:69 - Attempting Teams success notification
2025-12-22 23:09:52 - src.notifications_router - INFO - notify_eod_success:85 - Teams success notification sent successfully
2025-12-22 23:09:52 - src.notifications_router - INFO - notify_eod_success:69 - Attempting Teams success notification
2025-12-22 23:09:52 - src.notifications_router - WARNING - notify_eod_success:88 - Teams notification failed: 400
2025-12-22 23:09:52 - src.notifications_router - ERROR - notify_eod_success:92 - Teams success notification failed: Teams API returned 400
2025-12-22 23:09:52 - src.notifications_router - INFO - notify_eod_success:69 - Attempting Teams success notification
2025-12-22 23:09:52 - src.notifications_router - WARNING - notify_eod_success:88 - Teams notification failed: 400
2025-12-22 23:09:52 - src.notifications_router - ERROR - notify_eod_success:92 - Teams success notification failed: Teams API returned 400
2025-12-22 23:09:52 - src.notifications_router - INFO - notify_eod_failure:141 - Attempting Teams failure notification
2025-12-22 23:09:52 - src.notifications_router - INFO - notify_eod_failure:156 - Teams failure notification sent successfully
2025-12-22 23:09:52 - src.notifications_router - INFO - notify_eod_failure:141 - Attempting Teams failure notification
2025-12-22 23:09:52 - src.notifications_router - WARNING - notify_eod_failure:159 - Teams notification failed: 400
2025-12-22 23:09:52 - src.notifications_router - ERROR - notify_eod_failure:163 - Teams failure notification failed: Teams API returned 400
2025-12-22 23:09:52 - src.notifications_router - INFO - notify_eod_failure:141 - Attempting Teams failure notification
2025-12-22 23:09:52 - src.notifications_router - WARNING - notify_eod_failure:159 - Teams notification failed: 400
2025-12-22 23:09:52 - src.notifications_router - ERROR - notify_eod_failure:163 - Teams failure notification failed: Teams API returned 400
2025-12-22 23:09:52 - src.notifications_router - INFO - notify_eod_success:69 - Attempting Teams success notification
2025-12-22 23:09:53 - src.notifications_router - WARNING - notify_eod_success:88 - Teams notification failed: 404
2025-12-22 23:09:53 - src.notifications_router - ERROR - notify_eod_success:92 - Teams success notification failed: Teams API returned 404
2025-12-22 23:09:53 - src.notifications_router - INFO - notify_eod_failure:141 - Attempting Teams failure notification
2025-12-22 23:09:53 - src.notifications_router - WARNING - notify_eod_failure:159 - Teams notification failed: 500
2025-12-22 23:09:53 - src.notifications_router - ERROR - notify_eod_failure:163 - Teams failure notification failed: Teams API returned 500
2025-12-22 23:09:53 - src.notifications_router - WARNING - validate:32 - Teams enabled but TEAMS_WEBHOOK_URL not set
2025-12-22 23:32:42 - src.notifications_router - INFO - notify_eod_success:69 - Attempting Teams success notification
2025-12-22 23:32:42 - src.notifications_router - INFO - notify_eod_success:85 - Teams success notification sent successfully
2025-12-22 23:32:42 - src.notifications_router - INFO - notify_eod_success:69 - Attempting Teams success notification
2025-12-22 23:32:42 - src.notifications_router - WARNING - notify_eod_success:88 - Teams notification failed: 400
2025-12-22 23:32:42 - src.notifications_router - ERROR - notify_eod_success:92 - Teams success notification failed: Teams API returned 400
2025-12-22 23:32:42 - src.notifications_router - INFO - notify_eod_success:96 - Attempting email fallback for success notification
2025-12-22 23:32:42 - src.notifications_router - INFO - notify_eod_success:69 - Attempting Teams success notification
2025-12-22 23:32:42 - src.notifications_router - WARNING - notify_eod_success:88 - Teams notification failed: 400
2025-12-22 23:32:42 - src.notifications_router - ERROR - notify_eod_success:92 - Teams success notification failed: Teams API returned 400
2025-12-22 23:32:42 - src.notifications_router - INFO - notify_eod_success:96 - Attempting email fallback for success notification
2025-12-22 23:32:42 - src.notifications_router - INFO - notify_eod_failure:141 - Attempting Teams failure notification
2025-12-22 23:32:42 - src.notifications_router - INFO - notify_eod_failure:156 - Teams failure notification sent successfully
2025-12-22 23:32:42 - src.notifications_router - INFO - notify_eod_failure:141 - Attempting Teams failure notification
2025-12-22 23:32:42 - src.notifications_router - WARNING - notify_eod_failure:159 - Teams notification failed: 400
2025-12-22 23:32:42 - src.notifications_router - ERROR - notify_eod_failure:163 - Teams failure notification failed: Teams API returned 400
2025-12-22 23:32:42 - src.notifications_router - INFO - notify_eod_failure:167 - Attempting email fallback for failure notification
2025-12-22 23:32:42 - src.notifications_router - INFO - notify_eod_failure:141 - Attempting Teams failure notification
2025-12-22 23:32:42 - src.notifications_router - WARNING - notify_eod_failure:159 - Teams notification failed: 400
2025-12-22 23:32:42 - src.notifications_router - ERROR - notify_eod_failure:163 - Teams failure notification failed: Teams API returned 400
2025-12-22 23:32:42 - src.notifications_router - INFO - notify_eod_failure:167 - Attempting email fallback for failure notification
2025-12-22 23:32:42 - src.notifications_router - INFO - notify_eod_success:103 - Teams disabled, sending email success notification
2025-12-22 23:32:42 - src.notifications_router - INFO - notify_eod_success:69 - Attempting Teams success notification
2025-12-22 23:32:42 - src.notifications_router - WARNING - notify_eod_success:88 - Teams notification failed: 404
2025-12-22 23:32:42 - src.notifications_router - ERROR - notify_eod_success:92 - Teams success notification failed: Teams API returned 404
2025-12-22 23:32:42 - src.notifications_router - INFO - notify_eod_failure:174 - Teams disabled, sending email failure notification
2025-12-22 23:32:42 - src.notifications_router - INFO - notify_eod_failure:141 - Attempting Teams failure notification
2025-12-22 23:32:43 - src.notifications_router - WARNING - notify_eod_failure:159 - Teams notification failed: 404
2025-12-22 23:32:43 - src.notifications_router - ERROR - notify_eod_failure:163 - Teams failure notification failed: Teams API returned 404
2025-12-22 23:32:43 - src.notifications_router - WARNING - validate:32 - Teams enabled but TEAMS_WEBHOOK_URL not set
